/opt/anaconda3/lib/python3.12/site-packages/pymongo/ocsp_support.py:228: CryptographyDeprecationWarning: Properties that return a naΓ―ve datetime object have been deprecated. Please switch to this_update_utc.
  if response.this_update > now:
/opt/anaconda3/lib/python3.12/site-packages/pymongo/ocsp_support.py:232: CryptographyDeprecationWarning: Properties that return a naΓ―ve datetime object have been deprecated. Please switch to next_update_utc.
  if response.next_update and response.next_update < now:
/opt/anaconda3/lib/python3.12/site-packages/pymongo/ocsp_cache.py:54: CryptographyDeprecationWarning: Properties that return a naΓ―ve datetime object have been deprecated. Please switch to next_update_utc.
  if value.next_update is None:
/opt/anaconda3/lib/python3.12/site-packages/pymongo/ocsp_cache.py:59: CryptographyDeprecationWarning: Properties that return a naΓ―ve datetime object have been deprecated. Please switch to this_update_utc.
  if not (value.this_update <= _datetime.utcnow()
/opt/anaconda3/lib/python3.12/site-packages/pymongo/ocsp_cache.py:60: CryptographyDeprecationWarning: Properties that return a naΓ―ve datetime object have been deprecated. Please switch to next_update_utc.
  < value.next_update):
/opt/anaconda3/lib/python3.12/site-packages/pymongo/ocsp_cache.py:67: CryptographyDeprecationWarning: Properties that return a naΓ―ve datetime object have been deprecated. Please switch to next_update_utc.
  cached_value.next_update < value.next_update):
β… λ²μ—­ μ‹μ¤ν… MongoDB μ—°κ²° μ„±κ³µ!
main.py: MongoDBμ— μ—°κ²° μ‹λ„
main.py: MongoDB μ—°κ²° μ„±κ³µ!
admin.py: MongoDBμ— μ—°κ²° μ‹λ„: mongodb+srv://huneykong:CDRnqjY117AkL8zs@huney-cluster.l7z1j.mongodb.net/STG-DB?retryWrites=true&w=majority
admin.py: MongoDB μ—°κ²° μ„±κ³µ!
admin.py: MongoDB λ°μ΄ν„°λ² μ΄μ¤ 'STG-DB' λ° μ»¬λ ‰μ… 'gallery' μ‚¬μ© μ¤€λΉ„ μ™„λ£
app.py: MongoDB μ—°κ²° μ„±κ³µ!
app.py: MongoDB λ°μ΄ν„°λ² μ΄μ¤ 'STG-DB' μ‚¬μ© μ¤€λΉ„ μ™„λ£
GridFS: MongoDBμ— μ—°κ²° μ‹λ„...
GridFS: MongoDB μ—°κ²° μ„±κ³µ!
GridFS: λ°μ΄ν„°λ² μ΄μ¤ 'STG-DB'μ—μ„ GridFS 'gallery_images' μ‚¬μ© μ¤€λΉ„ μ™„λ£
app.py: GridFS μ—°κ²° μ„±κ³µ!
app.py: GridFS ν†µκ³„ - νμΌ μ: 100
π”§ MongoDB μ»¬λ ‰μ… μ΄κΈ°ν™” μ¤‘...
MongoDB λ¨λΈ ν—¬νΌ: λ°μ΄ν„°λ² μ΄μ¤ 'STG-DB' μ—°κ²° μ„±κ³µ
MongoDB μ»¬λ ‰μ… λ° μΈλ±μ¤ μ΄κΈ°ν™” μ™„λ£
β… MongoDB μ»¬λ ‰μ… μ΄κΈ°ν™” μ™„λ£
 * Serving Flask app 'app'
 * Debug mode: on
WARNING: This is a development server. Do not use it in a production deployment. Use a production WSGI server instead.
 * Running on all addresses (0.0.0.0)
 * Running on http://127.0.0.1:5001
 * Running on http://192.168.50.172:5001
Press CTRL+C to quit
 * Restarting with watchdog (fsevents)
/opt/anaconda3/lib/python3.12/site-packages/pymongo/ocsp_support.py:228: CryptographyDeprecationWarning: Properties that return a naΓ―ve datetime object have been deprecated. Please switch to this_update_utc.
  if response.this_update > now:
/opt/anaconda3/lib/python3.12/site-packages/pymongo/ocsp_support.py:232: CryptographyDeprecationWarning: Properties that return a naΓ―ve datetime object have been deprecated. Please switch to next_update_utc.
  if response.next_update and response.next_update < now:
/opt/anaconda3/lib/python3.12/site-packages/pymongo/ocsp_cache.py:54: CryptographyDeprecationWarning: Properties that return a naΓ―ve datetime object have been deprecated. Please switch to next_update_utc.
  if value.next_update is None:
/opt/anaconda3/lib/python3.12/site-packages/pymongo/ocsp_cache.py:59: CryptographyDeprecationWarning: Properties that return a naΓ―ve datetime object have been deprecated. Please switch to this_update_utc.
  if not (value.this_update <= _datetime.utcnow()
/opt/anaconda3/lib/python3.12/site-packages/pymongo/ocsp_cache.py:60: CryptographyDeprecationWarning: Properties that return a naΓ―ve datetime object have been deprecated. Please switch to next_update_utc.
  < value.next_update):
/opt/anaconda3/lib/python3.12/site-packages/pymongo/ocsp_cache.py:67: CryptographyDeprecationWarning: Properties that return a naΓ―ve datetime object have been deprecated. Please switch to next_update_utc.
  cached_value.next_update < value.next_update):
 * Debugger is active!
 * Debugger PIN: 144-556-435
127.0.0.1 - - [01/Dec/2025 08:32:59] "GET /admin/gallery HTTP/1.1" 302 -
127.0.0.1 - - [01/Dec/2025 08:32:59] "GET /admin/login?next=%2Fadmin%2Fgallery HTTP/1.1" 200 -
127.0.0.1 - - [01/Dec/2025 08:32:59] "GET /static/images/logo_new.png HTTP/1.1" 304 -
127.0.0.1 - - [01/Dec/2025 08:32:59] "GET /static/css/style.css HTTP/1.1" 304 -
127.0.0.1 - - [01/Dec/2025 08:33:15] "POST /admin/login?next=%2Fadmin%2Fgallery HTTP/1.1" 200 -
127.0.0.1 - - [01/Dec/2025 08:33:15] "GET /static/css/style.css HTTP/1.1" 304 -
127.0.0.1 - - [01/Dec/2025 08:33:15] "GET /static/images/logo_new.png HTTP/1.1" 304 -
 * Detected change in '/Users/huneykong/AI_Agents/Stylegrapher/stylegrapher_homepage_new/stylegrapher_homepage_reform/utils/mongo_models.py', reloading
 * Detected change in '/Users/huneykong/AI_Agents/Stylegrapher/stylegrapher_homepage_new/stylegrapher_homepage_reform/routes/admin.py', reloading
 * Detected change in '/Users/huneykong/AI_Agents/Stylegrapher/stylegrapher_homepage_new/stylegrapher_homepage_reform/utils/mongo_models.py', reloading
 * Detected change in '/Users/huneykong/AI_Agents/Stylegrapher/stylegrapher_homepage_new/stylegrapher_homepage_reform/routes/admin.py', reloading
β… λ²μ—­ μ‹μ¤ν… MongoDB μ—°κ²° μ„±κ³µ!
main.py: MongoDBμ— μ—°κ²° μ‹λ„
main.py: MongoDB μ—°κ²° μ„±κ³µ!
admin.py: MongoDBμ— μ—°κ²° μ‹λ„: mongodb+srv://huneykong:CDRnqjY117AkL8zs@huney-cluster.l7z1j.mongodb.net/STG-DB?retryWrites=true&w=majority
admin.py: MongoDB μ—°κ²° μ„±κ³µ!
admin.py: MongoDB λ°μ΄ν„°λ² μ΄μ¤ 'STG-DB' λ° μ»¬λ ‰μ… 'gallery' μ‚¬μ© μ¤€λΉ„ μ™„λ£
app.py: MongoDB μ—°κ²° μ„±κ³µ!
app.py: MongoDB λ°μ΄ν„°λ² μ΄μ¤ 'STG-DB' μ‚¬μ© μ¤€λΉ„ μ™„λ£
GridFS: MongoDBμ— μ—°κ²° μ‹λ„...
GridFS: MongoDB μ—°κ²° μ„±κ³µ!
GridFS: λ°μ΄ν„°λ² μ΄μ¤ 'STG-DB'μ—μ„ GridFS 'gallery_images' μ‚¬μ© μ¤€λΉ„ μ™„λ£
app.py: GridFS μ—°κ²° μ„±κ³µ!
app.py: GridFS ν†µκ³„ - νμΌ μ: 100
π”§ MongoDB μ»¬λ ‰μ… μ΄κΈ°ν™” μ¤‘...
MongoDB λ¨λΈ ν—¬νΌ: λ°μ΄ν„°λ² μ΄μ¤ 'STG-DB' μ—°κ²° μ„±κ³µ
MongoDB μ»¬λ ‰μ… λ° μΈλ±μ¤ μ΄κΈ°ν™” μ™„λ£
β… MongoDB μ»¬λ ‰μ… μ΄κΈ°ν™” μ™„λ£
 * Restarting with watchdog (fsevents)
/opt/anaconda3/lib/python3.12/site-packages/pymongo/ocsp_support.py:228: CryptographyDeprecationWarning: Properties that return a naΓ―ve datetime object have been deprecated. Please switch to this_update_utc.
  if response.this_update > now:
/opt/anaconda3/lib/python3.12/site-packages/pymongo/ocsp_support.py:232: CryptographyDeprecationWarning: Properties that return a naΓ―ve datetime object have been deprecated. Please switch to next_update_utc.
  if response.next_update and response.next_update < now:
/opt/anaconda3/lib/python3.12/site-packages/pymongo/ocsp_cache.py:54: CryptographyDeprecationWarning: Properties that return a naΓ―ve datetime object have been deprecated. Please switch to next_update_utc.
  if value.next_update is None:
/opt/anaconda3/lib/python3.12/site-packages/pymongo/ocsp_cache.py:59: CryptographyDeprecationWarning: Properties that return a naΓ―ve datetime object have been deprecated. Please switch to this_update_utc.
  if not (value.this_update <= _datetime.utcnow()
/opt/anaconda3/lib/python3.12/site-packages/pymongo/ocsp_cache.py:60: CryptographyDeprecationWarning: Properties that return a naΓ―ve datetime object have been deprecated. Please switch to next_update_utc.
  < value.next_update):
/opt/anaconda3/lib/python3.12/site-packages/pymongo/ocsp_cache.py:67: CryptographyDeprecationWarning: Properties that return a naΓ―ve datetime object have been deprecated. Please switch to next_update_utc.
  cached_value.next_update < value.next_update):
 * Debugger is active!
 * Debugger PIN: 144-556-435
 * Detected change in '/Users/huneykong/AI_Agents/Stylegrapher/stylegrapher_homepage_new/stylegrapher_homepage_reform/routes/admin.py', reloading
 * Detected change in '/Users/huneykong/AI_Agents/Stylegrapher/stylegrapher_homepage_new/stylegrapher_homepage_reform/utils/mongo_models.py', reloading
 * Detected change in '/Users/huneykong/AI_Agents/Stylegrapher/stylegrapher_homepage_new/stylegrapher_homepage_reform/routes/admin.py', reloading
β… λ²μ—­ μ‹μ¤ν… MongoDB μ—°κ²° μ„±κ³µ!
main.py: MongoDBμ— μ—°κ²° μ‹λ„
main.py: MongoDB μ—°κ²° μ„±κ³µ!
admin.py: MongoDBμ— μ—°κ²° μ‹λ„: mongodb+srv://huneykong:CDRnqjY117AkL8zs@huney-cluster.l7z1j.mongodb.net/STG-DB?retryWrites=true&w=majority
admin.py: MongoDB μ—°κ²° μ„±κ³µ!
admin.py: MongoDB λ°μ΄ν„°λ² μ΄μ¤ 'STG-DB' λ° μ»¬λ ‰μ… 'gallery' μ‚¬μ© μ¤€λΉ„ μ™„λ£
app.py: MongoDB μ—°κ²° μ„±κ³µ!
app.py: MongoDB λ°μ΄ν„°λ² μ΄μ¤ 'STG-DB' μ‚¬μ© μ¤€λΉ„ μ™„λ£
GridFS: MongoDBμ— μ—°κ²° μ‹λ„...
GridFS: MongoDB μ—°κ²° μ„±κ³µ!
GridFS: λ°μ΄ν„°λ² μ΄μ¤ 'STG-DB'μ—μ„ GridFS 'gallery_images' μ‚¬μ© μ¤€λΉ„ μ™„λ£
app.py: GridFS μ—°κ²° μ„±κ³µ!
app.py: GridFS ν†µκ³„ - νμΌ μ: 100
π”§ MongoDB μ»¬λ ‰μ… μ΄κΈ°ν™” μ¤‘...
MongoDB λ¨λΈ ν—¬νΌ: λ°μ΄ν„°λ² μ΄μ¤ 'STG-DB' μ—°κ²° μ„±κ³µ
MongoDB μ»¬λ ‰μ… λ° μΈλ±μ¤ μ΄κΈ°ν™” μ™„λ£
β… MongoDB μ»¬λ ‰μ… μ΄κΈ°ν™” μ™„λ£
 * Restarting with watchdog (fsevents)
/opt/anaconda3/lib/python3.12/site-packages/pymongo/ocsp_support.py:228: CryptographyDeprecationWarning: Properties that return a naΓ―ve datetime object have been deprecated. Please switch to this_update_utc.
  if response.this_update > now:
/opt/anaconda3/lib/python3.12/site-packages/pymongo/ocsp_support.py:232: CryptographyDeprecationWarning: Properties that return a naΓ―ve datetime object have been deprecated. Please switch to next_update_utc.
  if response.next_update and response.next_update < now:
/opt/anaconda3/lib/python3.12/site-packages/pymongo/ocsp_cache.py:54: CryptographyDeprecationWarning: Properties that return a naΓ―ve datetime object have been deprecated. Please switch to next_update_utc.
  if value.next_update is None:
/opt/anaconda3/lib/python3.12/site-packages/pymongo/ocsp_cache.py:59: CryptographyDeprecationWarning: Properties that return a naΓ―ve datetime object have been deprecated. Please switch to this_update_utc.
  if not (value.this_update <= _datetime.utcnow()
/opt/anaconda3/lib/python3.12/site-packages/pymongo/ocsp_cache.py:60: CryptographyDeprecationWarning: Properties that return a naΓ―ve datetime object have been deprecated. Please switch to next_update_utc.
  < value.next_update):
/opt/anaconda3/lib/python3.12/site-packages/pymongo/ocsp_cache.py:67: CryptographyDeprecationWarning: Properties that return a naΓ―ve datetime object have been deprecated. Please switch to next_update_utc.
  cached_value.next_update < value.next_update):
 * Debugger is active!
 * Debugger PIN: 144-556-435
127.0.0.1 - - [01/Dec/2025 08:34:43] "POST /admin/login?next=%2Fadmin%2Fgallery HTTP/1.1" 302 -
Traceback (most recent call last):
  File "/Users/huneykong/AI_Agents/Stylegrapher/stylegrapher_homepage_new/stylegrapher_homepage_reform/routes/admin.py", line 152, in dashboard
    return render_template('admin/dashboard.html',
           ^^^^^^^^^^^^^^^^^^^^^^^^^^^^^^^^^^^^^^^
  File "/opt/anaconda3/lib/python3.12/site-packages/flask/templating.py", line 147, in render_template
    return _render(app, template, context)
           ^^^^^^^^^^^^^^^^^^^^^^^^^^^^^^^
  File "/opt/anaconda3/lib/python3.12/site-packages/flask/templating.py", line 130, in _render
    rv = template.render(context)
         ^^^^^^^^^^^^^^^^^^^^^^^^
  File "/opt/anaconda3/lib/python3.12/site-packages/jinja2/environment.py", line 1301, in render
    self.environment.handle_exception()
  File "/opt/anaconda3/lib/python3.12/site-packages/jinja2/environment.py", line 936, in handle_exception
    raise rewrite_traceback_stack(source=source)
  File "/Users/huneykong/AI_Agents/Stylegrapher/stylegrapher_homepage_new/stylegrapher_homepage_reform/templates/admin/dashboard.html", line 1, in top-level template code
    {% extends "base.html" %}
  File "/Users/huneykong/AI_Agents/Stylegrapher/stylegrapher_homepage_new/stylegrapher_homepage_reform/templates/base.html", line 311, in top-level template code
    {% block content %}{% endblock %}
    ^^^^^^^^^^^^^^^^^^^^^^^^^
  File "/Users/huneykong/AI_Agents/Stylegrapher/stylegrapher_homepage_new/stylegrapher_homepage_reform/templates/admin/dashboard.html", line 221, in block 'content'
    <small class="text-muted">{{ inquiry.created_at.strftime('%Y-%m-%d %H:%M') }}</small>
    ^^^^^^^^^^^^^^^^^^^^^^^^^
  File "/opt/anaconda3/lib/python3.12/site-packages/jinja2/utils.py", line 83, in from_obj
    if hasattr(obj, "jinja_pass_arg"):
       ^^^^^^^^^^^^^^^^^^^^^^^^^^^^^^
jinja2.exceptions.UndefinedError: 'str object' has no attribute 'strftime'
127.0.0.1 - - [01/Dec/2025 08:34:44] "GET /admin/dashboard HTTP/1.1" 200 -
127.0.0.1 - - [01/Dec/2025 08:34:44] "GET /static/css/style.css HTTP/1.1" 304 -
127.0.0.1 - - [01/Dec/2025 08:34:44] "GET /static/images/logo_new.png HTTP/1.1" 304 -
127.0.0.1 - - [01/Dec/2025 08:35:38] "POST /admin/site-colors/update HTTP/1.1" 302 -
127.0.0.1 - - [01/Dec/2025 08:35:38] "GET /admin/site-colors HTTP/1.1" 200 -
127.0.0.1 - - [01/Dec/2025 08:35:38] "GET /static/css/style.css HTTP/1.1" 304 -
127.0.0.1 - - [01/Dec/2025 08:35:38] "GET /static/images/logo_new.png HTTP/1.1" 304 -
Traceback (most recent call last):
  File "/Users/huneykong/AI_Agents/Stylegrapher/stylegrapher_homepage_new/stylegrapher_homepage_reform/routes/admin.py", line 152, in dashboard
    return render_template('admin/dashboard.html',
           ^^^^^^^^^^^^^^^^^^^^^^^^^^^^^^^^^^^^^^^
  File "/opt/anaconda3/lib/python3.12/site-packages/flask/templating.py", line 147, in render_template
    return _render(app, template, context)
           ^^^^^^^^^^^^^^^^^^^^^^^^^^^^^^^
  File "/opt/anaconda3/lib/python3.12/site-packages/flask/templating.py", line 130, in _render
    rv = template.render(context)
         ^^^^^^^^^^^^^^^^^^^^^^^^
  File "/opt/anaconda3/lib/python3.12/site-packages/jinja2/environment.py", line 1301, in render
    self.environment.handle_exception()
  File "/opt/anaconda3/lib/python3.12/site-packages/jinja2/environment.py", line 936, in handle_exception
    raise rewrite_traceback_stack(source=source)
  File "/Users/huneykong/AI_Agents/Stylegrapher/stylegrapher_homepage_new/stylegrapher_homepage_reform/templates/admin/dashboard.html", line 1, in top-level template code
    {% extends "base.html" %}
  File "/Users/huneykong/AI_Agents/Stylegrapher/stylegrapher_homepage_new/stylegrapher_homepage_reform/templates/base.html", line 311, in top-level template code
    {% block content %}{% endblock %}
    ^^^^^^^^^^^^^^^^^^^^^^^^^
  File "/Users/huneykong/AI_Agents/Stylegrapher/stylegrapher_homepage_new/stylegrapher_homepage_reform/templates/admin/dashboard.html", line 221, in block 'content'
    <small class="text-muted">{{ inquiry.created_at.strftime('%Y-%m-%d %H:%M') }}</small>
    ^^^^^^^^^^^^^^^^^^^^^^^^^
  File "/opt/anaconda3/lib/python3.12/site-packages/jinja2/utils.py", line 83, in from_obj
    if hasattr(obj, "jinja_pass_arg"):
       ^^^^^^^^^^^^^^^^^^^^^^^^^^^^^^
jinja2.exceptions.UndefinedError: 'str object' has no attribute 'strftime'
127.0.0.1 - - [01/Dec/2025 08:36:00] "GET /admin/dashboard HTTP/1.1" 200 -
127.0.0.1 - - [01/Dec/2025 08:36:00] "GET /static/css/style.css HTTP/1.1" 304 -
127.0.0.1 - - [01/Dec/2025 08:36:00] "GET /static/images/logo_new.png HTTP/1.1" 304 -
127.0.0.1 - - [01/Dec/2025 08:36:22] "GET / HTTP/1.1" 200 -
127.0.0.1 - - [01/Dec/2025 08:36:22] "GET /static/css/style.css HTTP/1.1" 304 -
127.0.0.1 - - [01/Dec/2025 08:36:22] "GET /static/images/logo_new.png HTTP/1.1" 304 -
127.0.0.1 - - [01/Dec/2025 08:36:22] "GET /static/images/favicon.ico HTTP/1.1" 304 -
127.0.0.1 - - [01/Dec/2025 08:36:22] "GET /static/images/favicon.ico HTTP/1.1" 304 -
127.0.0.1 - - [01/Dec/2025 08:36:37] "GET / HTTP/1.1" 200 -
127.0.0.1 - - [01/Dec/2025 08:36:37] "GET /static/css/style.css HTTP/1.1" 304 -
127.0.0.1 - - [01/Dec/2025 08:36:37] "GET /static/images/logo_new.png HTTP/1.1" 304 -
127.0.0.1 - - [01/Dec/2025 08:36:37] "GET /static/images/favicon.ico HTTP/1.1" 304 -
127.0.0.1 - - [01/Dec/2025 08:36:37] "GET /static/images/favicon.ico HTTP/1.1" 304 -
127.0.0.1 - - [01/Dec/2025 08:36:42] "GET /admin/gallery HTTP/1.1" 200 -
127.0.0.1 - - [01/Dec/2025 08:36:42] "GET /static/css/style.css HTTP/1.1" 304 -
127.0.0.1 - - [01/Dec/2025 08:36:42] "GET /static/images/logo_new.png HTTP/1.1" 304 -
127.0.0.1 - - [01/Dec/2025 08:37:24] "POST /admin/gallery/toggle-pin/5 HTTP/1.1" 302 -
127.0.0.1 - - [01/Dec/2025 08:37:24] "GET /admin/gallery HTTP/1.1" 200 -
127.0.0.1 - - [01/Dec/2025 08:37:24] "GET /static/css/style.css HTTP/1.1" 304 -
127.0.0.1 - - [01/Dec/2025 08:37:24] "GET /static/images/logo_new.png HTTP/1.1" 304 -
β… λ²μ—­ μ‹μ¤ν… MongoDB μ—°κ²° μ„±κ³µ!
main.py: MongoDBμ— μ—°κ²° μ‹λ„
main.py: MongoDB μ—°κ²° μ„±κ³µ!
admin.py: MongoDBμ— μ—°κ²° μ‹λ„: mongodb+srv://huneykong:CDRnqjY117AkL8zs@huney-cluster.l7z1j.mongodb.net/STG-DB?retryWrites=true&w=majority
admin.py: MongoDB μ—°κ²° μ„±κ³µ!
admin.py: MongoDB λ°μ΄ν„°λ² μ΄μ¤ 'STG-DB' λ° μ»¬λ ‰μ… 'gallery' μ‚¬μ© μ¤€λΉ„ μ™„λ£
app.py: MongoDB μ—°κ²° μ„±κ³µ!
app.py: MongoDB λ°μ΄ν„°λ² μ΄μ¤ 'STG-DB' μ‚¬μ© μ¤€λΉ„ μ™„λ£
GridFS: MongoDBμ— μ—°κ²° μ‹λ„...
GridFS: MongoDB μ—°κ²° μ„±κ³µ!
GridFS: λ°μ΄ν„°λ² μ΄μ¤ 'STG-DB'μ—μ„ GridFS 'gallery_images' μ‚¬μ© μ¤€λΉ„ μ™„λ£
app.py: GridFS μ—°κ²° μ„±κ³µ!
app.py: GridFS ν†µκ³„ - νμΌ μ: 100
π”§ MongoDB μ»¬λ ‰μ… μ΄κΈ°ν™” μ¤‘...
MongoDB λ¨λΈ ν—¬νΌ: λ°μ΄ν„°λ² μ΄μ¤ 'STG-DB' μ—°κ²° μ„±κ³µ
MongoDB μ»¬λ ‰μ… λ° μΈλ±μ¤ μ΄κΈ°ν™” μ™„λ£
β… MongoDB μ»¬λ ‰μ… μ΄κΈ°ν™” μ™„λ£
π—‚οΈ MongoDBμ—μ„ μ΅°νλ κ°¤λ¬λ¦¬ κ·Έλ£Ή μ›λ³Έ λ°μ΄ν„°:
  - _id=9, title=[κ°μΈν™”λ³΄] SE κ³ κ°λ‹ 3μ»¨μ…‰, display_order=4
  - _id=6, title=[ν”„λ΅ν•„] HN κ³ κ°λ‹, display_order=3
  - _id=5, title=[μ»¤ν” ν”„λ΅ν•„] GH&JH κ³ κ°λ‹, display_order=2
  - _id=3, title=[μ»¤ν”ν™”λ³΄] JR&HM κ³ κ°λ‹ 1μ»¨μ…‰, display_order=8
  - _id=4, title=[κ°μΈν™”λ³΄] MH κ³ κ°λ‹ 3μ»¨μ…‰, display_order=6
  - _id=10, title=[κ°μΈν™”λ³΄] YS κ³ κ°λ‹ 1μ»¨μ…‰, display_order=5
  - _id=8, title=[ν”„λ΅ν•„] SY κ³ κ°λ‹, display_order=0
  - _id=7, title=[ν”„λ΅ν•„] SE κ³ κ°λ‹ 2μ»¨μ…‰, display_order=0
  - _id=2, title=[κ°μΈν™”λ³΄] JH κ³ κ°λ‹ 3μ»¨μ…‰, display_order=0
  - _id=1, title=[κ°μΈν™”λ³΄] DY κ³ κ°λ‹ 2μ»¨μ…‰, display_order=0
Error in dashboard route: 'str object' has no attribute 'strftime'
π“ MongoDB update: matched=1, modified=1, _id=1
π—‚οΈ MongoDBμ—μ„ μ΅°νλ κ°¤λ¬λ¦¬ κ·Έλ£Ή μ›λ³Έ λ°μ΄ν„°:
  - _id=9, title=[κ°μΈν™”λ³΄] SE κ³ κ°λ‹ 3μ»¨μ…‰, display_order=4
  - _id=6, title=[ν”„λ΅ν•„] HN κ³ κ°λ‹, display_order=3
  - _id=5, title=[μ»¤ν” ν”„λ΅ν•„] GH&JH κ³ κ°λ‹, display_order=2
  - _id=3, title=[μ»¤ν”ν™”λ³΄] JR&HM κ³ κ°λ‹ 1μ»¨μ…‰, display_order=8
  - _id=4, title=[κ°μΈν™”λ³΄] MH κ³ κ°λ‹ 3μ»¨μ…‰, display_order=6
  - _id=10, title=[κ°μΈν™”λ³΄] YS κ³ κ°λ‹ 1μ»¨μ…‰, display_order=5
  - _id=8, title=[ν”„λ΅ν•„] SY κ³ κ°λ‹, display_order=0
  - _id=7, title=[ν”„λ΅ν•„] SE κ³ κ°λ‹ 2μ»¨μ…‰, display_order=0
  - _id=2, title=[κ°μΈν™”λ³΄] JH κ³ κ°λ‹ 3μ»¨μ…‰, display_order=0
  - _id=1, title=[κ°μΈν™”λ³΄] DY κ³ κ°λ‹ 2μ»¨μ…‰, display_order=0
Error in dashboard route: 'str object' has no attribute 'strftime'
π—‚οΈ MongoDBμ—μ„ μ΅°νλ κ°¤λ¬λ¦¬ κ·Έλ£Ή μ›λ³Έ λ°μ΄ν„°:
  - _id=9, title=[κ°μΈν™”λ³΄] SE κ³ κ°λ‹ 3μ»¨μ…‰, display_order=4
  - _id=6, title=[ν”„λ΅ν•„] HN κ³ κ°λ‹, display_order=3
  - _id=5, title=[μ»¤ν” ν”„λ΅ν•„] GH&JH κ³ κ°λ‹, display_order=2
  - _id=3, title=[μ»¤ν”ν™”λ³΄] JR&HM κ³ κ°λ‹ 1μ»¨μ…‰, display_order=8
  - _id=4, title=[κ°μΈν™”λ³΄] MH κ³ κ°λ‹ 3μ»¨μ…‰, display_order=6
  - _id=10, title=[κ°μΈν™”λ³΄] YS κ³ κ°λ‹ 1μ»¨μ…‰, display_order=5
  - _id=8, title=[ν”„λ΅ν•„] SY κ³ κ°λ‹, display_order=0
  - _id=7, title=[ν”„λ΅ν•„] SE κ³ κ°λ‹ 2μ»¨μ…‰, display_order=0
  - _id=2, title=[κ°μΈν™”λ³΄] JH κ³ κ°λ‹ 3μ»¨μ…‰, display_order=0
  - _id=1, title=[κ°μΈν™”λ³΄] DY κ³ κ°λ‹ 2μ»¨μ…‰, display_order=0
π—‚οΈ MongoDBμ—μ„ μ΅°νλ κ°¤λ¬λ¦¬ κ·Έλ£Ή μ›λ³Έ λ°μ΄ν„°:
  - _id=9, title=[κ°μΈν™”λ³΄] SE κ³ κ°λ‹ 3μ»¨μ…‰, display_order=4
  - _id=6, title=[ν”„λ΅ν•„] HN κ³ κ°λ‹, display_order=3
  - _id=5, title=[μ»¤ν” ν”„λ΅ν•„] GH&JH κ³ κ°λ‹, display_order=2
  - _id=3, title=[μ»¤ν”ν™”λ³΄] JR&HM κ³ κ°λ‹ 1μ»¨μ…‰, display_order=8
  - _id=4, title=[κ°μΈν™”λ³΄] MH κ³ κ°λ‹ 3μ»¨μ…‰, display_order=6
  - _id=10, title=[κ°μΈν™”λ³΄] YS κ³ κ°λ‹ 1μ»¨μ…‰, display_order=5
  - _id=8, title=[ν”„λ΅ν•„] SY κ³ κ°λ‹, display_order=0
  - _id=7, title=[ν”„λ΅ν•„] SE κ³ κ°λ‹ 2μ»¨μ…‰, display_order=0
  - _id=2, title=[κ°μΈν™”λ³΄] JH κ³ κ°λ‹ 3μ»¨μ…‰, display_order=0
  - _id=1, title=[κ°μΈν™”λ³΄] DY κ³ κ°λ‹ 2μ»¨μ…‰, display_order=0
π—‚οΈ MongoDBμ—μ„ μ΅°νλ κ°¤λ¬λ¦¬ κ·Έλ£Ή μ›λ³Έ λ°μ΄ν„°:
  - _id=9, title=[κ°μΈν™”λ³΄] SE κ³ κ°λ‹ 3μ»¨μ…‰, display_order=4
  - _id=6, title=[ν”„λ΅ν•„] HN κ³ κ°λ‹, display_order=3
  - _id=5, title=[μ»¤ν” ν”„λ΅ν•„] GH&JH κ³ κ°λ‹, display_order=2
  - _id=3, title=[μ»¤ν”ν™”λ³΄] JR&HM κ³ κ°λ‹ 1μ»¨μ…‰, display_order=8
  - _id=4, title=[κ°μΈν™”λ³΄] MH κ³ κ°λ‹ 3μ»¨μ…‰, display_order=6
  - _id=10, title=[κ°μΈν™”λ³΄] YS κ³ κ°λ‹ 1μ»¨μ…‰, display_order=5
  - _id=8, title=[ν”„λ΅ν•„] SY κ³ κ°λ‹, display_order=0
  - _id=7, title=[ν”„λ΅ν•„] SE κ³ κ°λ‹ 2μ»¨μ…‰, display_order=0
  - _id=2, title=[κ°μΈν™”λ³΄] JH κ³ κ°λ‹ 3μ»¨μ…‰, display_order=0
  - _id=1, title=[κ°μΈν™”λ³΄] DY κ³ κ°λ‹ 2μ»¨μ…‰, display_order=0
π“‹ list_gallery μ΅°ν - μ΄ 10κ° κ°¤λ¬λ¦¬ κ·Έλ£Ή
  - ID=9, title=[κ°μΈν™”λ³΄] SE κ³ κ°λ‹ 3μ»¨μ…‰, display_order=4, is_pinned=True
  - ID=6, title=[ν”„λ΅ν•„] HN κ³ κ°λ‹, display_order=3, is_pinned=True
  - ID=5, title=[μ»¤ν” ν”„λ΅ν•„] GH&JH κ³ κ°λ‹, display_order=2, is_pinned=True
  - ID=3, title=[μ»¤ν”ν™”λ³΄] JR&HM κ³ κ°λ‹ 1μ»¨μ…‰, display_order=8, is_pinned=False
  - ID=4, title=[κ°μΈν™”λ³΄] MH κ³ κ°λ‹ 3μ»¨μ…‰, display_order=6, is_pinned=False
  - ID=10, title=[κ°μΈν™”λ³΄] YS κ³ κ°λ‹ 1μ»¨μ…‰, display_order=5, is_pinned=False
  - ID=8, title=[ν”„λ΅ν•„] SY κ³ κ°λ‹, display_order=0, is_pinned=False
  - ID=7, title=[ν”„λ΅ν•„] SE κ³ κ°λ‹ 2μ»¨μ…‰, display_order=0, is_pinned=False
  - ID=2, title=[κ°μΈν™”λ³΄] JH κ³ κ°λ‹ 3μ»¨μ…‰, display_order=0, is_pinned=False
  - ID=1, title=[κ°μΈν™”λ³΄] DY κ³ κ°λ‹ 2μ»¨μ…‰, display_order=0, is_pinned=False
π” GalleryGroup.save() - id=5, display_order=2, doc={'title': '[μ»¤ν” ν”„λ΅ν•„] GH&JH κ³ κ°λ‹', 'display_order': 2, 'is_pinned': False, 'created_at': '2025-06-29 16:14:31.461220', 'updated_at': datetime.datetime(2025, 11, 30, 23, 37, 24, 144399), '_id': 5}
π“ GalleryGroup update: matched=1, modified=1, _id=5, display_order=2
β… GalleryGroup μ €μ¥ ν›„ ν™•μΈ: display_order=2
π§Ή κ°¤λ¬λ¦¬ μΊμ‹ ν΄λ¦¬μ–΄ μ™„λ£: 0κ° ν•­λ© μ κ±°
π—‚οΈ MongoDBμ—μ„ μ΅°νλ κ°¤λ¬λ¦¬ κ·Έλ£Ή μ›λ³Έ λ°μ΄ν„°:
  - _id=9, title=[κ°μΈν™”λ³΄] SE κ³ κ°λ‹ 3μ»¨μ…‰, display_order=4
  - _id=6, title=[ν”„λ΅ν•„] HN κ³ κ°λ‹, display_order=3
  - _id=3, title=[μ»¤ν”ν™”λ³΄] JR&HM κ³ κ°λ‹ 1μ»¨μ…‰, display_order=8
  - _id=4, title=[κ°μΈν™”λ³΄] MH κ³ κ°λ‹ 3μ»¨μ…‰, display_order=6
  - _id=10, title=[κ°μΈν™”λ³΄] YS κ³ κ°λ‹ 1μ»¨μ…‰, display_order=5
  - _id=5, title=[μ»¤ν” ν”„λ΅ν•„] GH&JH κ³ κ°λ‹, display_order=2
  - _id=8, title=[ν”„λ΅ν•„] SY κ³ κ°λ‹, display_order=0
  - _id=7, title=[ν”„λ΅ν•„] SE κ³ κ°λ‹ 2μ»¨μ…‰, display_order=0
  - _id=2, title=[κ°μΈν™”λ³΄] JH κ³ κ°λ‹ 3μ»¨μ…‰, display_order=0
  - _id=1, title=[κ°μΈν™”λ³΄] DY κ³ κ°λ‹ 2μ»¨μ…‰, display_order=0
π“‹ list_gallery μ΅°ν - μ΄ 10κ° κ°¤λ¬λ¦¬ κ·Έλ£Ή
  - ID=9, title=[κ°μΈν™”λ³΄] SE κ³ κ°λ‹ 3μ»¨μ…‰, display_order=4, is_pinned=True
  - ID=6, title=[ν”„λ΅ν•„] HN κ³ κ°λ‹, display_order=3, is_pinned=True
  - ID=3, title=[μ»¤ν”ν™”λ³΄] JR&HM κ³ κ°λ‹ 1μ»¨μ…‰, display_order=8, is_pinned=False
  - ID=4, title=[κ°μΈν™”λ³΄] MH κ³ κ°λ‹ 3μ»¨μ…‰, display_order=6, is_pinned=False
  - ID=10, title=[κ°μΈν™”λ³΄] YS κ³ κ°λ‹ 1μ»¨μ…‰, display_order=5, is_pinned=False
  - ID=5, title=[μ»¤ν” ν”„λ΅ν•„] GH&JH κ³ κ°λ‹, display_order=2, is_pinned=False
  - ID=8, title=[ν”„λ΅ν•„] SY κ³ κ°λ‹, display_order=0, is_pinned=False
  - ID=7, title=[ν”„λ΅ν•„] SE κ³ κ°λ‹ 2μ»¨μ…‰, display_order=0, is_pinned=False
  - ID=2, title=[κ°μΈν™”λ³΄] JH κ³ κ°λ‹ 3μ»¨μ…‰, display_order=0, is_pinned=False
  - ID=1, title=[κ°μΈν™”λ³΄] DY κ³ κ°λ‹ 2μ»¨μ…‰, display_order=0, is_pinned=False
π—‚οΈ MongoDBμ—μ„ μ΅°νλ κ°¤λ¬λ¦¬ κ·Έλ£Ή μ›λ³Έ λ°μ΄ν„°:
  - _id=9, title=[κ°μΈν™”λ³΄] SE κ³ κ°λ‹ 3μ»¨μ…‰, display_order=4
  - _id=6, title=[ν”„λ΅ν•„] HN κ³ κ°λ‹, display_order=3
  - _id=3, title=[μ»¤ν”ν™”λ³΄] JR&HM κ³ κ°λ‹ 1μ»¨μ…‰, display_order=8
  - _id=4, title=[κ°μΈν™”λ³΄] MH κ³ κ°λ‹ 3μ»¨μ…‰, display_order=6
  - _id=10, title=[κ°μΈν™”λ³΄] YS κ³ κ°λ‹ 1μ»¨μ…‰, display_order=5
127.0.0.1 - - [01/Dec/2025 08:37:30] "POST /admin/gallery/toggle-pin/3 HTTP/1.1" 302 -
127.0.0.1 - - [01/Dec/2025 08:37:31] "GET /admin/gallery HTTP/1.1" 200 -
127.0.0.1 - - [01/Dec/2025 08:37:31] "GET /static/css/style.css HTTP/1.1" 304 -
127.0.0.1 - - [01/Dec/2025 08:37:31] "GET /static/images/logo_new.png HTTP/1.1" 304 -
127.0.0.1 - - [01/Dec/2025 08:37:39] "POST /admin/gallery/toggle-pin/6 HTTP/1.1" 302 -
127.0.0.1 - - [01/Dec/2025 08:37:40] "GET /admin/gallery HTTP/1.1" 200 -
127.0.0.1 - - [01/Dec/2025 08:37:40] "GET /static/css/style.css HTTP/1.1" 304 -
127.0.0.1 - - [01/Dec/2025 08:37:40] "GET /static/images/logo_new.png HTTP/1.1" 304 -
127.0.0.1 - - [01/Dec/2025 08:37:43] "POST /admin/gallery/toggle-pin/9 HTTP/1.1" 302 -
127.0.0.1 - - [01/Dec/2025 08:37:44] "GET /admin/gallery HTTP/1.1" 200 -
127.0.0.1 - - [01/Dec/2025 08:37:44] "GET /static/css/style.css HTTP/1.1" 304 -
127.0.0.1 - - [01/Dec/2025 08:37:44] "GET /static/images/logo_new.png HTTP/1.1" 304 -
  - _id=5, title=[μ»¤ν” ν”„λ΅ν•„] GH&JH κ³ κ°λ‹, display_order=2
  - _id=8, title=[ν”„λ΅ν•„] SY κ³ κ°λ‹, display_order=0
  - _id=7, title=[ν”„λ΅ν•„] SE κ³ κ°λ‹ 2μ»¨μ…‰, display_order=0
  - _id=2, title=[κ°μΈν™”λ³΄] JH κ³ κ°λ‹ 3μ»¨μ…‰, display_order=0
  - _id=1, title=[κ°μΈν™”λ³΄] DY κ³ κ°λ‹ 2μ»¨μ…‰, display_order=0
π” GalleryGroup.save() - id=3, display_order=8, doc={'title': '[μ»¤ν”ν™”λ³΄] JR&HM κ³ κ°λ‹ 1μ»¨μ…‰', 'display_order': 8, 'is_pinned': True, 'created_at': '2025-06-29 16:12:07.043491', 'updated_at': datetime.datetime(2025, 11, 30, 23, 37, 30, 656222), '_id': 3}
π“ GalleryGroup update: matched=1, modified=1, _id=3, display_order=8
β… GalleryGroup μ €μ¥ ν›„ ν™•μΈ: display_order=8
π§Ή κ°¤λ¬λ¦¬ μΊμ‹ ν΄λ¦¬μ–΄ μ™„λ£: 0κ° ν•­λ© μ κ±°
π—‚οΈ MongoDBμ—μ„ μ΅°νλ κ°¤λ¬λ¦¬ κ·Έλ£Ή μ›λ³Έ λ°μ΄ν„°:
  - _id=3, title=[μ»¤ν”ν™”λ³΄] JR&HM κ³ κ°λ‹ 1μ»¨μ…‰, display_order=8
  - _id=9, title=[κ°μΈν™”λ³΄] SE κ³ κ°λ‹ 3μ»¨μ…‰, display_order=4
  - _id=6, title=[ν”„λ΅ν•„] HN κ³ κ°λ‹, display_order=3
  - _id=4, title=[κ°μΈν™”λ³΄] MH κ³ κ°λ‹ 3μ»¨μ…‰, display_order=6
  - _id=10, title=[κ°μΈν™”λ³΄] YS κ³ κ°λ‹ 1μ»¨μ…‰, display_order=5
  - _id=5, title=[μ»¤ν” ν”„λ΅ν•„] GH&JH κ³ κ°λ‹, display_order=2
  - _id=8, title=[ν”„λ΅ν•„] SY κ³ κ°λ‹, display_order=0
  - _id=7, title=[ν”„λ΅ν•„] SE κ³ κ°λ‹ 2μ»¨μ…‰, display_order=0
  - _id=2, title=[κ°μΈν™”λ³΄] JH κ³ κ°λ‹ 3μ»¨μ…‰, display_order=0
  - _id=1, title=[κ°μΈν™”λ³΄] DY κ³ κ°λ‹ 2μ»¨μ…‰, display_order=0
π—‚οΈ MongoDBμ—μ„ μ΅°νλ κ°¤λ¬λ¦¬ κ·Έλ£Ή μ›λ³Έ λ°μ΄ν„°:
  - _id=3, title=[μ»¤ν”ν™”λ³΄] JR&HM κ³ κ°λ‹ 1μ»¨μ…‰, display_order=8
  - _id=9, title=[κ°μΈν™”λ³΄] SE κ³ κ°λ‹ 3μ»¨μ…‰, display_order=4
  - _id=6, title=[ν”„λ΅ν•„] HN κ³ κ°λ‹, display_order=3
  - _id=4, title=[κ°μΈν™”λ³΄] MH κ³ κ°λ‹ 3μ»¨μ…‰, display_order=6
  - _id=10, title=[κ°μΈν™”λ³΄] YS κ³ κ°λ‹ 1μ»¨μ…‰, display_order=5
  - _id=5, title=[μ»¤ν” ν”„λ΅ν•„] GH&JH κ³ κ°λ‹, display_order=2
  - _id=8, title=[ν”„λ΅ν•„] SY κ³ κ°λ‹, display_order=0
  - _id=7, title=[ν”„λ΅ν•„] SE κ³ κ°λ‹ 2μ»¨μ…‰, display_order=0
  - _id=2, title=[κ°μΈν™”λ³΄] JH κ³ κ°λ‹ 3μ»¨μ…‰, display_order=0
  - _id=1, title=[κ°μΈν™”λ³΄] DY κ³ κ°λ‹ 2μ»¨μ…‰, display_order=0
π“‹ list_gallery μ΅°ν - μ΄ 10κ° κ°¤λ¬λ¦¬ κ·Έλ£Ή
  - ID=3, title=[μ»¤ν”ν™”λ³΄] JR&HM κ³ κ°λ‹ 1μ»¨μ…‰, display_order=8, is_pinned=True
  - ID=9, title=[κ°μΈν™”λ³΄] SE κ³ κ°λ‹ 3μ»¨μ…‰, display_order=4, is_pinned=True
  - ID=6, title=[ν”„λ΅ν•„] HN κ³ κ°λ‹, display_order=3, is_pinned=True
  - ID=4, title=[κ°μΈν™”λ³΄] MH κ³ κ°λ‹ 3μ»¨μ…‰, display_order=6, is_pinned=False
  - ID=10, title=[κ°μΈν™”λ³΄] YS κ³ κ°λ‹ 1μ»¨μ…‰, display_order=5, is_pinned=False
  - ID=5, title=[μ»¤ν” ν”„λ΅ν•„] GH&JH κ³ κ°λ‹, display_order=2, is_pinned=False
  - ID=8, title=[ν”„λ΅ν•„] SY κ³ κ°λ‹, display_order=0, is_pinned=False
  - ID=7, title=[ν”„λ΅ν•„] SE κ³ κ°λ‹ 2μ»¨μ…‰, display_order=0, is_pinned=False
  - ID=2, title=[κ°μΈν™”λ³΄] JH κ³ κ°λ‹ 3μ»¨μ…‰, display_order=0, is_pinned=False
  - ID=1, title=[κ°μΈν™”λ³΄] DY κ³ κ°λ‹ 2μ»¨μ…‰, display_order=0, is_pinned=False
π” GalleryGroup.save() - id=6, display_order=3, doc={'title': '[ν”„λ΅ν•„] HN κ³ κ°λ‹', 'display_order': 3, 'is_pinned': False, 'created_at': '2025-06-29 16:15:05.298077', 'updated_at': datetime.datetime(2025, 11, 30, 23, 37, 39, 522474), '_id': 6}
π“ GalleryGroup update: matched=1, modified=1, _id=6, display_order=3
β… GalleryGroup μ €μ¥ ν›„ ν™•μΈ: display_order=3
π§Ή κ°¤λ¬λ¦¬ μΊμ‹ ν΄λ¦¬μ–΄ μ™„λ£: 0κ° ν•­λ© μ κ±°
π—‚οΈ MongoDBμ—μ„ μ΅°νλ κ°¤λ¬λ¦¬ κ·Έλ£Ή μ›λ³Έ λ°μ΄ν„°:
  - _id=3, title=[μ»¤ν”ν™”λ³΄] JR&HM κ³ κ°λ‹ 1μ»¨μ…‰, display_order=8
  - _id=9, title=[κ°μΈν™”λ³΄] SE κ³ κ°λ‹ 3μ»¨μ…‰, display_order=4
  - _id=4, title=[κ°μΈν™”λ³΄] MH κ³ κ°λ‹ 3μ»¨μ…‰, display_order=6
  - _id=10, title=[κ°μΈν™”λ³΄] YS κ³ κ°λ‹ 1μ»¨μ…‰, display_order=5
  - _id=6, title=[ν”„λ΅ν•„] HN κ³ κ°λ‹, display_order=3
  - _id=5, title=[μ»¤ν” ν”„λ΅ν•„] GH&JH κ³ κ°λ‹, display_order=2
  - _id=8, title=[ν”„λ΅ν•„] SY κ³ κ°λ‹, display_order=0
  - _id=7, title=[ν”„λ΅ν•„] SE κ³ κ°λ‹ 2μ»¨μ…‰, display_order=0
  - _id=2, title=[κ°μΈν™”λ³΄] JH κ³ κ°λ‹ 3μ»¨μ…‰, display_order=0
  - _id=1, title=[κ°μΈν™”λ³΄] DY κ³ κ°λ‹ 2μ»¨μ…‰, display_order=0
π“‹ list_gallery μ΅°ν - μ΄ 10κ° κ°¤λ¬λ¦¬ κ·Έλ£Ή
  - ID=3, title=[μ»¤ν”ν™”λ³΄] JR&HM κ³ κ°λ‹ 1μ»¨μ…‰, display_order=8, is_pinned=True
  - ID=9, title=[κ°μΈν™”λ³΄] SE κ³ κ°λ‹ 3μ»¨μ…‰, display_order=4, is_pinned=True
  - ID=4, title=[κ°μΈν™”λ³΄] MH κ³ κ°λ‹ 3μ»¨μ…‰, display_order=6, is_pinned=False
  - ID=10, title=[κ°μΈν™”λ³΄] YS κ³ κ°λ‹ 1μ»¨μ…‰, display_order=5, is_pinned=False
  - ID=6, title=[ν”„λ΅ν•„] HN κ³ κ°λ‹, display_order=3, is_pinned=False
  - ID=5, title=[μ»¤ν” ν”„λ΅ν•„] GH&JH κ³ κ°λ‹, display_order=2, is_pinned=False
  - ID=8, title=[ν”„λ΅ν•„] SY κ³ κ°λ‹, display_order=0, is_pinned=False
  - ID=7, title=[ν”„λ΅ν•„] SE κ³ κ°λ‹ 2μ»¨μ…‰, display_order=0, is_pinned=False
  - ID=2, title=[κ°μΈν™”λ³΄] JH κ³ κ°λ‹ 3μ»¨μ…‰, display_order=0, is_pinned=False
  - ID=1, title=[κ°μΈν™”λ³΄] DY κ³ κ°λ‹ 2μ»¨μ…‰, display_order=0, is_pinned=False
π” GalleryGroup.save() - id=9, display_order=4, doc={'title': '[κ°μΈν™”λ³΄] SE κ³ κ°λ‹ 3μ»¨μ…‰', 'display_order': 4, 'is_pinned': False, 'created_at': '2025-06-29 16:18:27.517940', 'updated_at': datetime.datetime(2025, 11, 30, 23, 37, 43, 343347), '_id': 9}
π“ GalleryGroup update: matched=1, modified=1, _id=9, display_order=4
β… GalleryGroup μ €μ¥ ν›„ ν™•μΈ: display_order=4
π§Ή κ°¤λ¬λ¦¬ μΊμ‹ ν΄λ¦¬μ–΄ μ™„λ£: 0κ° ν•­λ© μ κ±°
π—‚οΈ MongoDBμ—μ„ μ΅°νλ κ°¤λ¬λ¦¬ κ·Έλ£Ή μ›λ³Έ λ°μ΄ν„°:
  - _id=3, title=[μ»¤ν”ν™”λ³΄] JR&HM κ³ κ°λ‹ 1μ»¨μ…‰, display_order=8
  - _id=4, title=[κ°μΈν™”λ³΄] MH κ³ κ°λ‹ 3μ»¨μ…‰, display_order=6
  - _id=10, title=[κ°μΈν™”λ³΄] YS κ³ κ°λ‹ 1μ»¨μ…‰, display_order=5
  - _id=9, title=[κ°μΈν™”λ³΄] SE κ³ κ°λ‹ 3μ»¨μ…‰, display_order=4
  - _id=6, title=[ν”„λ΅ν•„] HN κ³ κ°λ‹, display_order=3
  - _id=5, title=[μ»¤ν” ν”„λ΅ν•„] GH&JH κ³ κ°λ‹, display_order=2
  - _id=8, title=[ν”„λ΅ν•„] SY κ³ κ°λ‹, display_order=0
  - _id=7, title=[ν”„λ΅ν•„] SE κ³ κ°λ‹ 2μ»¨μ…‰, display_order=0
  - _id=2, title=[κ°μΈν™”λ³΄] JH κ³ κ°λ‹ 3μ»¨μ…‰, display_order=0
  - _id=1, title=[κ°μΈν™”λ³΄] DY κ³ κ°λ‹ 2μ»¨μ…‰, display_order=0
π“‹ list_gallery μ΅°ν - μ΄ 10κ° κ°¤λ¬λ¦¬ κ·Έλ£Ή
  - ID=3, title=[μ»¤ν”ν™”λ³΄] JR&HM κ³ κ°λ‹ 1μ»¨μ…‰, display_order=8, is_pinned=True
  - ID=4, title=[κ°μΈν™”λ³΄] MH κ³ κ°λ‹ 3μ»¨μ…‰, display_order=6, is_pinned=False
  - ID=10, title=[κ°μΈν™”λ³΄] YS κ³ κ°λ‹ 1μ»¨μ…‰, display_order=5, is_pinned=False
  - ID=9, title=[κ°μΈν™”λ³΄] SE κ³ κ°λ‹ 3μ»¨μ…‰, display_order=4, is_pinned=False
  - ID=6, title=[ν”„λ΅ν•„] HN κ³ κ°λ‹, display_order=3, is_pinned=False
  - ID=5, title=[μ»¤ν” ν”„λ΅ν•„] GH&JH κ³ κ°λ‹, display_order=2, is_pinned=False
  - ID=8, title=[ν”„λ΅ν•„] SY κ³ κ°λ‹, display_order=0, is_pinned=False
  - ID=7, title=[ν”„λ΅ν•„] SE κ³ κ°λ‹ 2μ»¨μ…‰, display_order=0, is_pinned=False
  - ID=2, title=[κ°μΈν™”λ³΄] JH κ³ κ°λ‹ 3μ»¨μ…‰, display_order=0, is_pinned=False
  - ID=1, title=[κ°μΈν™”λ³΄] DY κ³ κ°λ‹ 2μ»¨μ…‰, display_order=0, is_pinned=False
π—‚οΈ MongoDBμ—μ„ μ΅°νλ κ°¤λ¬λ¦¬ κ·Έλ£Ή μ›λ³Έ λ°μ΄ν„°:
  - _id=3, title=[μ»¤ν”ν™”λ³΄] JR&HM κ³ κ°λ‹ 1μ»¨μ…‰, display_order=8
  - _id=4, title=[κ°μΈν™”λ³΄] MH κ³ κ°λ‹ 3μ»¨μ…‰, display_order=6
  - _id=10, title=[κ°μΈν™”λ³΄] YS κ³ κ°λ‹ 1μ»¨μ…‰, display_order=5
  - _id=9, title=[κ°μΈν™”λ³΄] SE κ³ κ°λ‹ 3μ»¨μ…‰, display_order=4
  - _id=6, title=[ν”„λ΅ν•„] HN κ³ κ°λ‹, display_order=3
  - _id=5, title=[μ»¤ν” ν”„λ΅ν•„] GH&JH κ³ κ°λ‹, display_order=2
  - _id=8, title=[ν”„λ΅ν•„] SY κ³ κ°λ‹, display_order=0
  - _id=7, title=[ν”„λ΅ν•„] SE κ³ κ°λ‹ 2μ»¨μ…‰, display_order=0
  - _id=2, title=[κ°μΈν™”λ³΄] JH κ³ κ°λ‹ 3μ»¨μ…‰, display_order=0
  - _id=1, title=[κ°μΈν™”λ³΄] DY κ³ κ°λ‹ 2μ»¨μ…‰, display_order=0
127.0.0.1 - - [01/Dec/2025 08:37:47] "POST /admin/gallery/toggle-pin/4 HTTP/1.1" 302 -
127.0.0.1 - - [01/Dec/2025 08:37:48] "GET /admin/gallery HTTP/1.1" 200 -
127.0.0.1 - - [01/Dec/2025 08:37:48] "GET /static/css/style.css HTTP/1.1" 304 -
127.0.0.1 - - [01/Dec/2025 08:37:48] "GET /static/images/logo_new.png HTTP/1.1" 304 -
127.0.0.1 - - [01/Dec/2025 08:37:54] "POST /admin/gallery/toggle-pin/6 HTTP/1.1" 302 -
127.0.0.1 - - [01/Dec/2025 08:37:55] "GET /admin/gallery HTTP/1.1" 200 -
127.0.0.1 - - [01/Dec/2025 08:37:55] "GET /static/css/style.css HTTP/1.1" 304 -
127.0.0.1 - - [01/Dec/2025 08:37:55] "GET /static/images/logo_new.png HTTP/1.1" 304 -
127.0.0.1 - - [01/Dec/2025 08:38:00] "GET / HTTP/1.1" 200 -
127.0.0.1 - - [01/Dec/2025 08:38:00] "GET /static/css/style.css HTTP/1.1" 304 -
127.0.0.1 - - [01/Dec/2025 08:38:00] "GET /static/images/logo_new.png HTTP/1.1" 304 -
127.0.0.1 - - [01/Dec/2025 08:38:00] "GET /static/images/favicon.ico HTTP/1.1" 304 -
127.0.0.1 - - [01/Dec/2025 08:38:00] "GET /static/images/favicon.ico HTTP/1.1" 304 -
127.0.0.1 - - [01/Dec/2025 08:39:24] "GET /set-language/ja HTTP/1.1" 200 -
127.0.0.1 - - [01/Dec/2025 08:39:26] "GET / HTTP/1.1" 200 -
127.0.0.1 - - [01/Dec/2025 08:39:26] "GET /static/css/style.css HTTP/1.1" 304 -
127.0.0.1 - - [01/Dec/2025 08:39:26] "GET /static/images/logo_new.png HTTP/1.1" 304 -
127.0.0.1 - - [01/Dec/2025 08:39:26] "GET /static/images/favicon.ico HTTP/1.1" 304 -
127.0.0.1 - - [01/Dec/2025 08:39:26] "GET /static/images/favicon.ico HTTP/1.1" 304 -
